[31m[Nest] 5712  - [39m06/14/2026, 5:49:52 PM [31m  ERROR[39m [38;5;3m[NestApplication] [39m[31mError: listen EADDRINUSE: address already in use :::3002[39m[38;5;3m +2ms[39m
node:net:2008
    const ex = new UVExceptionWithHostPort(err, 'listen', address, port);
               ^

Error: listen EADDRINUSE: address already in use :::3002
    at Server.setupListenHandle [as _listen2] (node:net:2008:16)
    at listenInCluster (node:net:2065:12)
    at Server.listen (node:net:2170:7)
    at ExpressAdapter.listen (C:\Users\Admin\.openclaw\workspace\aifut-core\node_modules\@nestjs\platform-express\adapters\express-adapter.js:115:32)
    at C:\Users\Admin\.openclaw\workspace\aifut-core\node_modules\@nestjs\core\nest-application.js:190:30
    at new Promise (<anonymous>)
    at NestApplication.listen (C:\Users\Admin\.openclaw\workspace\aifut-core\node_modules\@nestjs\core\nest-application.js:180:16)
    at async bootstrap (C:\Users\Admin\.openclaw\workspace\aifut-core\apps\api\dist\src\main.js:12:5) {
  code: 'EADDRINUSE',
  errno: -4091,
  syscall: 'listen',
  address: '::',
  port: 3002
}

Node.js v24.15.0
